<?xml version="1.0" encoding="UTF-8"?>
<!-- Generated by org.testng.reporters.JUnitReportReporter -->
<testsuite skipped="0" hostname="DESKTOP-CL9VTD9" name="com.testing.scripts.NoonInterviewAPI" tests="5" failures="0" timestamp="08 Sep 2020 14:08:38 GMT" time="14.959" errors="0">
  <testcase name="createToken" time="6.422" classname="com.testing.scripts.NoonInterviewAPI"/>
  <testcase name="createTokenInvalidUser" time="2.189" classname="com.testing.scripts.NoonInterviewAPI"/>
  <testcase name="createTokenInvalidPassword" time="2.230" classname="com.testing.scripts.NoonInterviewAPI"/>
  <testcase name="getHistoryValidToken" time="2.242" classname="com.testing.scripts.NoonInterviewAPI"/>
  <testcase name="getHistoryInvalidToken" time="1.876" classname="com.testing.scripts.NoonInterviewAPI"/>
</testsuite> <!-- com.testing.scripts.NoonInterviewAPI -->
