<?xml version="1.0" encoding="UTF-8"?>
<!-- Generated by org.testng.reporters.JUnitReportReporter -->
<testsuite skipped="0" hostname="DESKTOP-CL9VTD9" name="com.testing.Commons.GlobalConstants" tests="1" failures="0" timestamp="06 Sep 2020 13:01:45 GMT" time="0.019" errors="0">
  <testcase name="mainer" time="0.019" classname="com.testing.Commons.GlobalConstants"/>
</testsuite> <!-- com.testing.Commons.GlobalConstants -->
